<?xml version="1.0" encoding="UTF-8"?>
<!-- Generated by org.testng.reporters.JUnitXMLReporter -->
<testsuite ignored="0" hostname="DESKTOP-GGGA09T" failures="0" tests="12" name="API Tests" time="19.88" errors="0" timestamp="2026-09-21T14:45:45 IST">
  <testcase classname="com.issuerpro.api.ResetAndSeedApiTest" name="testResetAndSeedDatabase" time="6.332"/>
  <testcase classname="com.issuerpro.api.AuthApiTest" name="testAdminLoginSuccess" time="1.154"/>
  <testcase classname="com.issuerpro.api.AuthApiTest" name="testAllRolesLogin" time="1.3"/>
  <testcase classname="com.issuerpro.api.AuthApiTest" name="testAllRolesLogin" time="0.497"/>
  <testcase classname="com.issuerpro.api.AuthApiTest" name="testAllRolesLogin" time="1.328"/>
  <testcase classname="com.issuerpro.api.AuthApiTest" name="testGetCurrentUser" time="1.937"/>
  <testcase classname="com.issuerpro.api.AuthApiTest" name="testInvalidLoginReturns401" time="1.077"/>
  <testcase classname="com.issuerpro.api.CustomerApiTest" name="testCreateCustomer" time="1.018"/>
  <testcase classname="com.issuerpro.api.CustomerApiTest" name="testGetCustomers" time="1.718"/>
  <testcase classname="com.issuerpro.api.TransactionApiTest" name="testGetDashboardStats" time="0.937"/>
  <testcase classname="com.issuerpro.api.TransactionApiTest" name="testGetTransactions" time="1.014"/>
  <testcase classname="com.issuerpro.api.TransactionApiTest" name="testPurchaseAuthorization" time="1.45"/>
</testsuite> <!-- API Tests -->
