<?xml version="1.0" encoding="UTF-8"?>
<!-- Generated by org.testng.reporters.JUnitXMLReporter -->
<testsuite ignored="0" hostname="DESKTOP-GGGA09T" failures="0" tests="12" name="API Tests" time="18.746" errors="0" timestamp="2026-09-21T14:46:40 IST">
  <testcase classname="com.issuerpro.api.ResetAndSeedApiTest" name="testResetAndSeedDatabase" time="6.009"/>
  <testcase classname="com.issuerpro.api.AuthApiTest" name="testAdminLoginSuccess" time="0.465"/>
  <testcase classname="com.issuerpro.api.AuthApiTest" name="testAllRolesLogin" time="1.684"/>
  <testcase classname="com.issuerpro.api.AuthApiTest" name="testAllRolesLogin" time="1.222"/>
  <testcase classname="com.issuerpro.api.AuthApiTest" name="testAllRolesLogin" time="0.493"/>
  <testcase classname="com.issuerpro.api.AuthApiTest" name="testGetCurrentUser" time="1.513"/>
  <testcase classname="com.issuerpro.api.AuthApiTest" name="testInvalidLoginReturns401" time="0.487"/>
  <testcase classname="com.issuerpro.api.CustomerApiTest" name="testCreateCustomer" time="1.228"/>
  <testcase classname="com.issuerpro.api.CustomerApiTest" name="testGetCustomers" time="0.97"/>
  <testcase classname="com.issuerpro.api.TransactionApiTest" name="testGetDashboardStats" time="0.993"/>
  <testcase classname="com.issuerpro.api.TransactionApiTest" name="testGetTransactions" time="1.011"/>
  <testcase classname="com.issuerpro.api.TransactionApiTest" name="testPurchaseAuthorization" time="2.549"/>
</testsuite> <!-- API Tests -->
