<?xml version="1.0" encoding="UTF-8"?>
<!-- Generated by org.testng.reporters.JUnitXMLReporter -->
<testsuite ignored="0" hostname="DESKTOP-GGGA09T" failures="0" tests="8" name="UI Tests" time="35.588" errors="0" timestamp="2026-09-21T14:47:16 IST">
  <testcase classname="com.issuerpro.ui.LoginUiTest" name="testAdminLoginAndLogout" time="3.826"/>
  <testcase classname="com.issuerpro.ui.LoginUiTest" name="testDemoButtonAutofill" time="1.797"/>
  <testcase classname="com.issuerpro.ui.LoginUiTest" name="testInvalidLoginShowsErrorMessage" time="2.319"/>
  <testcase classname="com.issuerpro.ui.LoginUiTest" name="testMultiRoleLogin" time="3.036"/>
  <testcase classname="com.issuerpro.ui.LoginUiTest" name="testMultiRoleLogin" time="2.639"/>
  <testcase classname="com.issuerpro.ui.LoginUiTest" name="testMultiRoleLogin" time="2.799"/>
  <testcase classname="com.issuerpro.ui.DashboardUiTest" name="testDashboardOverviewWidgets" time="1.979"/>
  <testcase classname="com.issuerpro.ui.CustomersUiTest" name="testCustomerDirectoryTableAndSearch" time="2.6"/>
</testsuite> <!-- UI Tests -->
