<?xml version="1.0" encoding="UTF-8"?>
<testsuite xmlns:xsi="http://www.w3.org/2001/XMLSchema-instance" xsi:noNamespaceSchemaLocation="https://maven.apache.org/surefire/maven-surefire-plugin/xsd/surefire-test-report.xsd" version="3.0.2" name="TestSuite" time="55.813" tests="20" errors="0" skipped="0" failures="0">
  <properties>
[...]
</properties>
  <testcase name="testResetAndSeedDatabase" classname="com.issuerpro.api.ResetAndSeedApiTest" time="6.004">
    <system-out><![CDATA[14:46:21.851 [main] INFO  c.issuerpro.listeners.TestListener - ==================================================================
14:46:21.858 [main] INFO  c.issuerpro.listeners.TestListener - TEST SUITE STARTED: API Tests
14:46:21.862 [main] INFO  c.issuerpro.listeners.TestListener - ==================================================================
14:46:21.937 [main] INFO  c.issuerpro.listeners.TestListener - >>> STARTING TEST: com.issuerpro.api.ResetAndSeedApiTest.testResetAndSeedDatabase()
14:46:21.950 [main] INFO  com.issuerpro.config.ConfigManager - Loaded configuration properties successfully.
14:46:21.951 [main] INFO  c.i.api.clients.AuthApiClient - Executing API login for username: admin
Request URI:	https://issuer-platform.emergent.host/api/auth/login
Request method:	POST
14:46:26.718 [main] INFO  c.i.api.clients.AdminApiClient - Executing API POST /admin/reset (reseeding test baseline)
Request URI:	https://issuer-platform.emergent.host/api/admin/reset
Request method:	POST
]]></system-out>
  </testcase>
  <testcase name="testAdminLoginSuccess" classname="com.issuerpro.api.AuthApiTest" time="0.464">
    <system-out><![CDATA[14:46:27.946 [main] INFO  c.issuerpro.listeners.TestListener - +++ PASSED TEST: com.issuerpro.api.ResetAndSeedApiTest.testResetAndSeedDatabase() [6009 ms]
14:46:27.949 [main] INFO  c.issuerpro.listeners.TestListener - >>> STARTING TEST: com.issuerpro.api.AuthApiTest.testAdminLoginSuccess()
14:46:27.949 [main] INFO  c.i.api.clients.AuthApiClient - Executing API login for username: admin
Request URI:	https://issuer-platform.emergent.host/api/auth/login
Request method:	POST
]]></system-out>
  </testcase>
  <testcase name="testAllRolesLogin[operations, Ops@123, OPERATIONS](1)" classname="com.issuerpro.api.AuthApiTest" time="1.679">
    <system-out><![CDATA[14:46:28.415 [main] INFO  c.issuerpro.listeners.TestListener - +++ PASSED TEST: com.issuerpro.api.AuthApiTest.testAdminLoginSuccess() [465 ms]
14:46:28.421 [main] INFO  c.issuerpro.listeners.TestListener - >>> STARTING TEST: com.issuerpro.api.AuthApiTest.testAllRolesLogin()
14:46:28.422 [main] INFO  c.i.api.clients.AuthApiClient - Executing API login for username: operations
Request URI:	https://issuer-platform.emergent.host/api/auth/login
Request method:	POST
]]></system-out>
  </testcase>
  <testcase name="testAllRolesLogin[csagent, Cs@123, CUSTOMER_SERVICE](2)" classname="com.issuerpro.api.AuthApiTest" time="1.217">
    <system-out><![CDATA[14:46:30.105 [main] INFO  c.issuerpro.listeners.TestListener - +++ PASSED TEST: com.issuerpro.api.AuthApiTest.testAllRolesLogin() [1684 ms]
14:46:30.106 [main] INFO  c.issuerpro.listeners.TestListener - >>> STARTING TEST: com.issuerpro.api.AuthApiTest.testAllRolesLogin()
14:46:30.109 [main] INFO  c.i.api.clients.AuthApiClient - Executing API login for username: csagent
Request URI:	https://issuer-platform.emergent.host/api/auth/login
Request method:	POST
]]></system-out>
  </testcase>
  <testcase name="testAllRolesLogin[support, Support@123, SUPPORT](3)" classname="com.issuerpro.api.AuthApiTest" time="0.492">
    <system-out><![CDATA[14:46:31.328 [main] INFO  c.issuerpro.listeners.TestListener - +++ PASSED TEST: com.issuerpro.api.AuthApiTest.testAllRolesLogin() [1222 ms]
14:46:31.329 [main] INFO  c.issuerpro.listeners.TestListener - >>> STARTING TEST: com.issuerpro.api.AuthApiTest.testAllRolesLogin()
14:46:31.329 [main] INFO  c.i.api.clients.AuthApiClient - Executing API login for username: support
Request URI:	https://issuer-platform.emergent.host/api/auth/login
Request method:	POST
]]></system-out>
  </testcase>
  <testcase name="testGetCurrentUser" classname="com.issuerpro.api.AuthApiTest" time="1.512">
    <system-out><![CDATA[14:46:31.823 [main] INFO  c.issuerpro.listeners.TestListener - +++ PASSED TEST: com.issuerpro.api.AuthApiTest.testAllRolesLogin() [493 ms]
14:46:31.824 [main] INFO  c.issuerpro.listeners.TestListener - >>> STARTING TEST: com.issuerpro.api.AuthApiTest.testGetCurrentUser()
14:46:31.824 [main] INFO  c.i.api.clients.AuthApiClient - Executing API login for username: admin
Request URI:	https://issuer-platform.emergent.host/api/auth/login
Request method:	POST
14:46:32.279 [main] INFO  c.i.api.clients.AuthApiClient - Executing API GET /auth/me
Request URI:	https://issuer-platform.emergent.host/api/auth/me
Request method:	GET
]]></system-out>
  </testcase>
  <testcase name="testInvalidLoginReturns401" classname="com.issuerpro.api.AuthApiTest" time="0.485">
    <system-out><![CDATA[14:46:33.337 [main] INFO  c.issuerpro.listeners.TestListener - +++ PASSED TEST: com.issuerpro.api.AuthApiTest.testGetCurrentUser() [1513 ms]
14:46:33.338 [main] INFO  c.issuerpro.listeners.TestListener - >>> STARTING TEST: com.issuerpro.api.AuthApiTest.testInvalidLoginReturns401()
14:46:33.339 [main] INFO  c.i.api.clients.AuthApiClient - Executing API login for username: fake_admin
Request URI:	https://issuer-platform.emergent.host/api/auth/login
Request method:	POST
]]></system-out>
  </testcase>
  <testcase name="testCreateCustomer" classname="com.issuerpro.api.CustomerApiTest" time="1.227">
    <system-out><![CDATA[14:46:33.826 [main] INFO  c.issuerpro.listeners.TestListener - +++ PASSED TEST: com.issuerpro.api.AuthApiTest.testInvalidLoginReturns401() [487 ms]
14:46:33.827 [main] INFO  c.issuerpro.listeners.TestListener - >>> STARTING TEST: com.issuerpro.api.CustomerApiTest.testCreateCustomer()
14:46:33.827 [main] INFO  c.i.api.clients.AuthApiClient - Executing API login for username: admin
Request URI:	https://issuer-platform.emergent.host/api/auth/login
Request method:	POST
14:46:34.569 [main] INFO  c.i.api.clients.CustomerApiClient - Executing API POST /customers for: TestFirst_6c07ee82 TestLast_6c07ee82
Request URI:	https://issuer-platform.emergent.host/api/customers
Request method:	POST
]]></system-out>
  </testcase>
  <testcase name="testGetCustomers" classname="com.issuerpro.api.CustomerApiTest" time="0.968">
    <system-out><![CDATA[14:46:35.056 [main] INFO  c.issuerpro.listeners.TestListener - +++ PASSED TEST: com.issuerpro.api.CustomerApiTest.testCreateCustomer() [1228 ms]
14:46:35.057 [main] INFO  c.issuerpro.listeners.TestListener - >>> STARTING TEST: com.issuerpro.api.CustomerApiTest.testGetCustomers()
14:46:35.057 [main] INFO  c.i.api.clients.AuthApiClient - Executing API login for username: admin
Request URI:	https://issuer-platform.emergent.host/api/auth/login
Request method:	POST
14:46:35.543 [main] INFO  c.i.api.clients.CustomerApiClient - Executing API GET /customers
Request URI:	https://issuer-platform.emergent.host/api/customers
Request method:	GET
]]></system-out>
  </testcase>
  <testcase name="testGetDashboardStats" classname="com.issuerpro.api.TransactionApiTest" time="0.99">
    <system-out><![CDATA[14:46:36.028 [main] INFO  c.issuerpro.listeners.TestListener - +++ PASSED TEST: com.issuerpro.api.CustomerApiTest.testGetCustomers() [970 ms]
14:46:36.029 [main] INFO  c.issuerpro.listeners.TestListener - >>> STARTING TEST: com.issuerpro.api.TransactionApiTest.testGetDashboardStats()
14:46:36.029 [main] INFO  c.i.api.clients.AuthApiClient - Executing API login for username: admin
Request URI:	https://issuer-platform.emergent.host/api/auth/login
Request method:	POST
14:46:36.554 [main] INFO  c.i.api.clients.TransactionApiClient - Executing API GET /dashboard/stats
Request URI:	https://issuer-platform.emergent.host/api/dashboard/stats
Request method:	GET
]]></system-out>
  </testcase>
  <testcase name="testGetTransactions" classname="com.issuerpro.api.TransactionApiTest" time="1.01">
    <system-out><![CDATA[14:46:37.022 [main] INFO  c.issuerpro.listeners.TestListener - +++ PASSED TEST: com.issuerpro.api.TransactionApiTest.testGetDashboardStats() [993 ms]
14:46:37.023 [main] INFO  c.issuerpro.listeners.TestListener - >>> STARTING TEST: com.issuerpro.api.TransactionApiTest.testGetTransactions()
14:46:37.023 [main] INFO  c.i.api.clients.AuthApiClient - Executing API login for username: admin
Request URI:	https://issuer-platform.emergent.host/api/auth/login
Request method:	POST
14:46:37.512 [main] INFO  c.i.api.clients.TransactionApiClient - Executing API GET /transactions
Request URI:	https://issuer-platform.emergent.host/api/transactions
Request method:	GET
]]></system-out>
  </testcase>
  <testcase name="testPurchaseAuthorization" classname="com.issuerpro.api.TransactionApiTest" time="2.548">
    <system-out><![CDATA[14:46:38.035 [main] INFO  c.issuerpro.listeners.TestListener - +++ PASSED TEST: com.issuerpro.api.TransactionApiTest.testGetTransactions() [1011 ms]
14:46:38.036 [main] INFO  c.issuerpro.listeners.TestListener - >>> STARTING TEST: com.issuerpro.api.TransactionApiTest.testPurchaseAuthorization()
14:46:38.036 [main] INFO  c.i.api.clients.AuthApiClient - Executing API login for username: admin
Request URI:	https://issuer-platform.emergent.host/api/auth/login
Request method:	POST
Request URI:	https://issuer-platform.emergent.host/api/cards
Request method:	GET
14:46:39.377 [main] INFO  c.i.api.clients.TransactionApiClient - Executing API POST /transactions/purchase for card: 26982fcd-4a8e-4e06-9ff2-5885a00296d8, amount: 25.5
Request URI:	https://issuer-platform.emergent.host/api/transactions/purchase
Request method:	POST
]]></system-out>
  </testcase>
  <testcase name="testAdminLoginAndLogout" classname="com.issuerpro.ui.LoginUiTest" time="3.824">
    <system-out><![CDATA[14:46:40.585 [main] INFO  c.issuerpro.listeners.TestListener - +++ PASSED TEST: com.issuerpro.api.TransactionApiTest.testPurchaseAuthorization() [2549 ms]
14:46:40.621 [main] INFO  c.issuerpro.listeners.TestListener - ==================================================================
14:46:40.622 [main] INFO  c.issuerpro.listeners.TestListener - TEST SUITE FINISHED: API Tests
14:46:40.622 [main] INFO  c.issuerpro.listeners.TestListener - Passed: 12, Failed: 0, Skipped: 0
14:46:40.622 [main] INFO  c.issuerpro.listeners.TestListener - ==================================================================
14:46:40.623 [main] INFO  c.issuerpro.listeners.TestListener - ==================================================================
14:46:40.624 [main] INFO  c.issuerpro.listeners.TestListener - TEST SUITE STARTED: UI Tests
14:46:40.624 [main] INFO  c.issuerpro.listeners.TestListener - ==================================================================
14:46:40.630 [main] INFO  com.issuerpro.driver.DriverFactory - Initializing WebDriver for browser='chrome' (headless=true)
14:46:42.705 [main] INFO  c.issuerpro.listeners.TestListener - >>> STARTING TEST: com.issuerpro.ui.LoginUiTest.testAdminLoginAndLogout()
14:46:42.712 [main] INFO  com.issuerpro.pages.LoginPage - Opening Login page at: https://issuer-platform.emergent.host/login
14:46:44.093 [main] INFO  com.issuerpro.pages.LoginPage - Logging in with username: admin
14:46:45.552 [main] INFO  com.issuerpro.pages.DashboardPage - Logging out from the platform
]]></system-out>
    <system-err><![CDATA[Sep 21, 2026 2:46:42 PM org.openqa.selenium.devtools.CdpVersionFinder findNearestMatch
WARNING: Unable to find CDP implementation matching 153
Sep 21, 2026 2:46:42 PM org.openqa.selenium.chromium.ChromiumDriver lambda$new$4
WARNING: Unable to find version of CDP to use for 153.0.8010.48. You may need to include a dependency on a specific version of the CDP using something similar to `org.seleniumhq.selenium:selenium-devtools-v86:4.28.1` where the version ("v86") matches the version of the chromium-based browser you're using and the version number of the artifact is the same as Selenium's.
]]></system-err>
  </testcase>
  <testcase name="testDemoButtonAutofill" classname="com.issuerpro.ui.LoginUiTest" time="1.795">
    <system-out><![CDATA[14:46:46.531 [main] INFO  c.issuerpro.listeners.TestListener - +++ PASSED TEST: com.issuerpro.ui.LoginUiTest.testAdminLoginAndLogout() [3826 ms]
14:46:46.738 [main] INFO  com.issuerpro.driver.DriverFactory - Initializing WebDriver for browser='chrome' (headless=true)
14:46:48.169 [main] INFO  c.issuerpro.listeners.TestListener - >>> STARTING TEST: com.issuerpro.ui.LoginUiTest.testDemoButtonAutofill()
14:46:48.170 [main] INFO  com.issuerpro.pages.LoginPage - Opening Login page at: https://issuer-platform.emergent.host/login
14:46:49.685 [main] INFO  com.issuerpro.pages.LoginPage - Clicking Demo Admin quick fill button
]]></system-out>
    <system-err><![CDATA[Sep 21, 2026 2:46:48 PM org.openqa.selenium.devtools.CdpVersionFinder findNearestMatch
WARNING: Unable to find CDP implementation matching 153
Sep 21, 2026 2:46:48 PM org.openqa.selenium.chromium.ChromiumDriver lambda$new$4
WARNING: Unable to find version of CDP to use for 153.0.8010.48. You may need to include a dependency on a specific version of the CDP using something similar to `org.seleniumhq.selenium:selenium-devtools-v86:4.28.1` where the version ("v86") matches the version of the chromium-based browser you're using and the version number of the artifact is the same as Selenium's.
]]></system-err>
  </testcase>
  <testcase name="testInvalidLoginShowsErrorMessage" classname="com.issuerpro.ui.LoginUiTest" time="2.318">
    <system-out><![CDATA[14:46:49.966 [main] INFO  c.issuerpro.listeners.TestListener - +++ PASSED TEST: com.issuerpro.ui.LoginUiTest.testDemoButtonAutofill() [1797 ms]
14:46:50.276 [main] INFO  com.issuerpro.driver.DriverFactory - Initializing WebDriver for browser='chrome' (headless=true)
14:46:51.887 [main] INFO  c.issuerpro.listeners.TestListener - >>> STARTING TEST: com.issuerpro.ui.LoginUiTest.testInvalidLoginShowsErrorMessage()
14:46:51.888 [main] INFO  com.issuerpro.pages.LoginPage - Opening Login page at: https://issuer-platform.emergent.host/login
14:46:53.297 [main] INFO  com.issuerpro.pages.LoginPage - Attempting invalid login with username: invalid_user
]]></system-out>
    <system-err><![CDATA[Sep 21, 2026 2:46:51 PM org.openqa.selenium.devtools.CdpVersionFinder findNearestMatch
WARNING: Unable to find CDP implementation matching 153
Sep 21, 2026 2:46:51 PM org.openqa.selenium.chromium.ChromiumDriver lambda$new$4
WARNING: Unable to find version of CDP to use for 153.0.8010.48. You may need to include a dependency on a specific version of the CDP using something similar to `org.seleniumhq.selenium:selenium-devtools-v86:4.28.1` where the version ("v86") matches the version of the chromium-based browser you're using and the version number of the artifact is the same as Selenium's.
]]></system-err>
  </testcase>
  <testcase name="testMultiRoleLogin[operations, Ops@123, OPERATIONS](1)" classname="com.issuerpro.ui.LoginUiTest" time="3.035">
    <system-out><![CDATA[14:46:54.206 [main] INFO  c.issuerpro.listeners.TestListener - +++ PASSED TEST: com.issuerpro.ui.LoginUiTest.testInvalidLoginShowsErrorMessage() [2319 ms]
14:46:54.404 [main] INFO  com.issuerpro.driver.DriverFactory - Initializing WebDriver for browser='chrome' (headless=true)
14:46:56.229 [main] INFO  c.issuerpro.listeners.TestListener - >>> STARTING TEST: com.issuerpro.ui.LoginUiTest.testMultiRoleLogin()
14:46:56.229 [main] INFO  com.issuerpro.pages.LoginPage - Opening Login page at: https://issuer-platform.emergent.host/login
14:46:57.561 [main] INFO  com.issuerpro.pages.LoginPage - Logging in with username: operations
]]></system-out>
    <system-err><![CDATA[Sep 21, 2026 2:46:56 PM org.openqa.selenium.devtools.CdpVersionFinder findNearestMatch
WARNING: Unable to find CDP implementation matching 153
Sep 21, 2026 2:46:56 PM org.openqa.selenium.chromium.ChromiumDriver lambda$new$4
WARNING: Unable to find version of CDP to use for 153.0.8010.48. You may need to include a dependency on a specific version of the CDP using something similar to `org.seleniumhq.selenium:selenium-devtools-v86:4.28.1` where the version ("v86") matches the version of the chromium-based browser you're using and the version number of the artifact is the same as Selenium's.
]]></system-err>
  </testcase>
  <testcase name="testMultiRoleLogin[csagent, Cs@123, CUSTOMER_SERVICE](2)" classname="com.issuerpro.ui.LoginUiTest" time="2.638">
    <system-out><![CDATA[14:46:59.265 [main] INFO  c.issuerpro.listeners.TestListener - +++ PASSED TEST: com.issuerpro.ui.LoginUiTest.testMultiRoleLogin() [3036 ms]
14:46:59.459 [main] INFO  com.issuerpro.driver.DriverFactory - Initializing WebDriver for browser='chrome' (headless=true)
14:47:01.632 [main] INFO  c.issuerpro.listeners.TestListener - >>> STARTING TEST: com.issuerpro.ui.LoginUiTest.testMultiRoleLogin()
14:47:01.632 [main] INFO  com.issuerpro.pages.LoginPage - Opening Login page at: https://issuer-platform.emergent.host/login
14:47:02.883 [main] INFO  com.issuerpro.pages.LoginPage - Logging in with username: csagent
]]></system-out>
    <system-err><![CDATA[Sep 21, 2026 2:47:01 PM org.openqa.selenium.devtools.CdpVersionFinder findNearestMatch
WARNING: Unable to find CDP implementation matching 153
Sep 21, 2026 2:47:01 PM org.openqa.selenium.chromium.ChromiumDriver lambda$new$4
WARNING: Unable to find version of CDP to use for 153.0.8010.48. You may need to include a dependency on a specific version of the CDP using something similar to `org.seleniumhq.selenium:selenium-devtools-v86:4.28.1` where the version ("v86") matches the version of the chromium-based browser you're using and the version number of the artifact is the same as Selenium's.
]]></system-err>
  </testcase>
  <testcase name="testMultiRoleLogin[support, Support@123, SUPPORT](3)" classname="com.issuerpro.ui.LoginUiTest" time="2.799">
    <system-out><![CDATA[14:47:04.270 [main] INFO  c.issuerpro.listeners.TestListener - +++ PASSED TEST: com.issuerpro.ui.LoginUiTest.testMultiRoleLogin() [2639 ms]
14:47:04.422 [main] INFO  com.issuerpro.driver.DriverFactory - Initializing WebDriver for browser='chrome' (headless=true)
14:47:05.899 [main] INFO  c.issuerpro.listeners.TestListener - >>> STARTING TEST: com.issuerpro.ui.LoginUiTest.testMultiRoleLogin()
14:47:05.900 [main] INFO  com.issuerpro.pages.LoginPage - Opening Login page at: https://issuer-platform.emergent.host/login
14:47:07.333 [main] INFO  com.issuerpro.pages.LoginPage - Logging in with username: support
]]></system-out>
    <system-err><![CDATA[Sep 21, 2026 2:47:05 PM org.openqa.selenium.devtools.CdpVersionFinder findNearestMatch
WARNING: Unable to find CDP implementation matching 153
Sep 21, 2026 2:47:05 PM org.openqa.selenium.chromium.ChromiumDriver lambda$new$4
WARNING: Unable to find version of CDP to use for 153.0.8010.48. You may need to include a dependency on a specific version of the CDP using something similar to `org.seleniumhq.selenium:selenium-devtools-v86:4.28.1` where the version ("v86") matches the version of the chromium-based browser you're using and the version number of the artifact is the same as Selenium's.
]]></system-err>
  </testcase>
  <testcase name="testDashboardOverviewWidgets" classname="com.issuerpro.ui.DashboardUiTest" time="1.979">
    <system-out><![CDATA[14:47:08.698 [main] INFO  c.issuerpro.listeners.TestListener - +++ PASSED TEST: com.issuerpro.ui.LoginUiTest.testMultiRoleLogin() [2799 ms]
14:47:08.837 [main] INFO  com.issuerpro.driver.DriverFactory - Initializing WebDriver for browser='chrome' (headless=true)
14:47:10.090 [main] INFO  c.issuerpro.listeners.TestListener - >>> STARTING TEST: com.issuerpro.ui.DashboardUiTest.testDashboardOverviewWidgets()
14:47:10.091 [main] INFO  com.issuerpro.pages.LoginPage - Opening Login page at: https://issuer-platform.emergent.host/login
14:47:11.348 [main] INFO  com.issuerpro.pages.LoginPage - Logging in with username: admin
]]></system-out>
    <system-err><![CDATA[Sep 21, 2026 2:47:10 PM org.openqa.selenium.devtools.CdpVersionFinder findNearestMatch
WARNING: Unable to find CDP implementation matching 153
Sep 21, 2026 2:47:10 PM org.openqa.selenium.chromium.ChromiumDriver lambda$new$4
WARNING: Unable to find version of CDP to use for 153.0.8010.48. You may need to include a dependency on a specific version of the CDP using something similar to `org.seleniumhq.selenium:selenium-devtools-v86:4.28.1` where the version ("v86") matches the version of the chromium-based browser you're using and the version number of the artifact is the same as Selenium's.
]]></system-err>
  </testcase>
  <testcase name="testCustomerDirectoryTableAndSearch" classname="com.issuerpro.ui.CustomersUiTest" time="2.6">
    <system-out><![CDATA[14:47:12.069 [main] INFO  c.issuerpro.listeners.TestListener - +++ PASSED TEST: com.issuerpro.ui.DashboardUiTest.testDashboardOverviewWidgets() [1979 ms]
14:47:12.246 [main] INFO  com.issuerpro.driver.DriverFactory - Initializing WebDriver for browser='chrome' (headless=true)
14:47:13.418 [main] INFO  c.issuerpro.listeners.TestListener - >>> STARTING TEST: com.issuerpro.ui.CustomersUiTest.testCustomerDirectoryTableAndSearch()
14:47:13.418 [main] INFO  com.issuerpro.pages.LoginPage - Opening Login page at: https://issuer-platform.emergent.host/login
14:47:14.703 [main] INFO  com.issuerpro.pages.LoginPage - Logging in with username: admin
14:47:14.960 [main] INFO  com.issuerpro.pages.DashboardPage - Navigating to Customers page via sidebar
14:47:15.897 [main] INFO  com.issuerpro.pages.CustomersPage - Searching customer directory for: 'admin'
]]></system-out>
    <system-err><![CDATA[Sep 21, 2026 2:47:13 PM org.openqa.selenium.devtools.CdpVersionFinder findNearestMatch
WARNING: Unable to find CDP implementation matching 153
Sep 21, 2026 2:47:13 PM org.openqa.selenium.chromium.ChromiumDriver lambda$new$4
WARNING: Unable to find version of CDP to use for 153.0.8010.48. You may need to include a dependency on a specific version of the CDP using something similar to `org.seleniumhq.selenium:selenium-devtools-v86:4.28.1` where the version ("v86") matches the version of the chromium-based browser you're using and the version number of the artifact is the same as Selenium's.
]]></system-err>
  </testcase>
</testsuite>