<?xml version="1.0" encoding="UTF-8"?>
<!-- Generated by org.testng.reporters.JUnitXMLReporter -->
<testsuite ignored="0" hostname="DESKTOP-GGGA09T" failures="0" tests="8" name="UI Tests" time="44.219" errors="0" timestamp="2026-09-21T14:46:41 IST">
  <testcase classname="com.issuerpro.ui.LoginUiTest" name="testAdminLoginAndLogout" time="3.317"/>
  <testcase classname="com.issuerpro.ui.LoginUiTest" name="testDemoButtonAutofill" time="1.539"/>
  <testcase classname="com.issuerpro.ui.LoginUiTest" name="testInvalidLoginShowsErrorMessage" time="2.807"/>
  <testcase classname="com.issuerpro.ui.LoginUiTest" name="testMultiRoleLogin" time="3.255"/>
  <testcase classname="com.issuerpro.ui.LoginUiTest" name="testMultiRoleLogin" time="3.24"/>
  <testcase classname="com.issuerpro.ui.LoginUiTest" name="testMultiRoleLogin" time="3.232"/>
  <testcase classname="com.issuerpro.ui.DashboardUiTest" name="testDashboardOverviewWidgets" time="2.23"/>
  <testcase classname="com.issuerpro.ui.CustomersUiTest" name="testCustomerDirectoryTableAndSearch" time="2.678"/>
</testsuite> <!-- UI Tests -->
