<?xml version="1.0" encoding="UTF-8"?>
<!-- Generated by org.testng.reporters.JUnitReportReporter -->
<testsuite hostname="DESKTOP-GGGA09T" failures="0" tests="6" name="com.issuerpro.api.AuthApiTest" time="5.864" errors="0" timestamp="2026-09-21T14:47:16 IST" skipped="0">
  <testcase classname="com.issuerpro.api.AuthApiTest" name="testAdminLoginSuccess" time="0.465"/>
  <testcase classname="com.issuerpro.api.AuthApiTest" name="testAllRolesLogin" time="1.684"/>
  <testcase classname="com.issuerpro.api.AuthApiTest" name="testAllRolesLogin" time="1.222"/>
  <testcase classname="com.issuerpro.api.AuthApiTest" name="testInvalidLoginReturns401" time="0.487"/>
  <testcase classname="com.issuerpro.api.AuthApiTest" name="testGetCurrentUser" time="1.513"/>
  <testcase classname="com.issuerpro.api.AuthApiTest" name="testAllRolesLogin" time="0.493"/>
</testsuite> <!-- com.issuerpro.api.AuthApiTest -->
