<?xml version="1.0" encoding="UTF-8"?>
<!-- Generated by org.testng.reporters.JUnitReportReporter -->
<testsuite hostname="DESKTOP-GGGA09T" failures="0" tests="3" name="com.issuerpro.api.TransactionApiTest" time="4.553" errors="0" timestamp="2026-09-21T14:47:16 IST" skipped="0">
  <testcase classname="com.issuerpro.api.TransactionApiTest" name="testGetTransactions" time="1.011"/>
  <testcase classname="com.issuerpro.api.TransactionApiTest" name="testPurchaseAuthorization" time="2.549"/>
  <testcase classname="com.issuerpro.api.TransactionApiTest" name="testGetDashboardStats" time="0.993"/>
</testsuite> <!-- com.issuerpro.api.TransactionApiTest -->
