<?xml version="1.0" encoding="UTF-8"?>
<!-- Generated by org.testng.reporters.JUnitReportReporter -->
<testsuite hostname="DESKTOP-GGGA09T" failures="0" tests="2" name="com.issuerpro.api.CustomerApiTest" time="2.198" errors="0" timestamp="2026-09-21T14:47:16 IST" skipped="0">
  <testcase classname="com.issuerpro.api.CustomerApiTest" name="testGetCustomers" time="0.970"/>
  <testcase classname="com.issuerpro.api.CustomerApiTest" name="testCreateCustomer" time="1.228"/>
</testsuite> <!-- com.issuerpro.api.CustomerApiTest -->
