<?xml version="1.0" encoding="UTF-8"?>
<!-- Generated by org.testng.reporters.JUnitReportReporter -->
<testsuite hostname="DESKTOP-GGGA09T" failures="0" tests="6" name="com.issuerpro.ui.LoginUiTest" time="28.201" errors="0" timestamp="2026-09-21T14:47:16 IST" skipped="0">
  <testcase classname="com.issuerpro.ui.LoginUiTest" name="testMultiRoleLogin" time="4.368"/>
  <testcase classname="com.issuerpro.ui.LoginUiTest" name="testMultiRoleLogin" time="5.310"/>
  <testcase classname="com.issuerpro.ui.LoginUiTest" name="testMultiRoleLogin" time="4.558"/>
  <testcase classname="com.issuerpro.ui.LoginUiTest" name="testInvalidLoginShowsErrorMessage" time="4.697"/>
  <testcase classname="com.issuerpro.ui.LoginUiTest" name="testAdminLoginAndLogout" time="5.843"/>
  <testcase classname="com.issuerpro.ui.LoginUiTest" name="testDemoButtonAutofill" time="3.425"/>
</testsuite> <!-- com.issuerpro.ui.LoginUiTest -->
